> Task :clean
> Task :checkKotlinGradlePluginConfigurationErrors
> Task :processResources
> Task :processTestResources NO-SOURCE
> Task :compileKotlin
> Task :compileJava NO-SOURCE
> Task :classes
> Task :resolveMainClassName
> Task :bootJar
> Task :jar
> Task :assemble
> Task :compileTestKotlin
> Task :compileTestJava NO-SOURCE
> Task :testClasses UP-TO-DATE

> Task :test

PokemonControllerTest > testGetAllPokemons() FAILED
    java.lang.IllegalStateException at DefaultCacheAwareContextLoaderDelegate.java:180
        Caused by: org.springframework.beans.factory.UnsatisfiedDependencyException at ConstructorResolver.java:804
            Caused by: org.springframework.beans.factory.NoSuchBeanDefinitionException at DefaultListableBeanFactory.java:2207

PokemonControllerTest > testGetPokemonByPokedex() FAILED
    java.lang.IllegalStateException at DefaultCacheAwareContextLoaderDelegate.java:145

PokemonControllerTest > testUpdatePokemon() FAILED
    java.lang.IllegalStateException at DefaultCacheAwareContextLoaderDelegate.java:145

PokemonControllerTest > testDeletePokemon() FAILED
    java.lang.IllegalStateException at DefaultCacheAwareContextLoaderDelegate.java:145

> Task :test FAILED
9 actionable tasks: 9 executed
